Using pre-set license
Built from '2020.3/staging' branch; Version is '2020.3.16f1 (049d6eca3c44) revision 302446'; Using compiler version '192528614'; Build Type 'Release'
OS: 'Windows 10 Home Single Language; OS build 19042.1348; Version 2009; 64bit' Language: 'en' Physical Memory: 8046 MB
BatchMode: 1, IsHumanControllingUs: 0, StartBugReporterOnCrash: 0, Is64bit: 1, IsPro: 0

 COMMAND LINE ARGUMENTS:
D:\Unity\2020.3.16f1\Editor\Unity.exe
-adb2
-batchMode
-noUpm
-name
AssetImportWorker3
-projectPath
D:/Unity/GitHub/PreProdPrototype3
-logFile
Logs/AssetImportWorker3.log
-srvPort
57112
Successfully changed project path to: D:/Unity/GitHub/PreProdPrototype3
D:/Unity/GitHub/PreProdPrototype3
Using Asset Import Pipeline V2.
Refreshing native plugins compatible for Editor in 177.68 ms, found 2 plugins.
Preloading 0 native plugins for Editor in 0.00 ms.
Initialize engine version: 2020.3.16f1 (049d6eca3c44)
[Subsystems] Discovering subsystems at path D:/Unity/2020.3.16f1/Editor/Data/Resources/UnitySubsystems
[Subsystems] Discovering subsystems at path D:/Unity/GitHub/PreProdPrototype3/Assets
GfxDevice: creating device client; threaded=0
Direct3D:
    Version:  Direct3D 11.0 [level 11.1]
    Renderer: NVIDIA GeForce GTX 1050 Ti (ID=0x1c8c)
    Vendor:   
    VRAM:     4021 MB
    Driver:   30.0.14.9649
Initialize mono
Mono path[0] = 'D:/Unity/2020.3.16f1/Editor/Data/Managed'
Mono path[1] = 'D:/Unity/2020.3.16f1/Editor/Data/MonoBleedingEdge/lib/mono/unityjit'
Mono config path = 'D:/Unity/2020.3.16f1/Editor/Data/MonoBleedingEdge/etc'
Using monoOptions --debugger-agent=transport=dt_socket,embedding=1,server=y,suspend=n,address=127.0.0.1:56248
Begin MonoManager ReloadAssembly
Registering precompiled unity dll's ...
Register platform support module: D:/Unity/2020.3.16f1/Editor/Data/PlaybackEngines/WindowsStandaloneSupport/UnityEditor.WindowsStandalone.Extensions.dll
Registered in 0.001834 seconds.
Native extension for WindowsStandalone target not found
Refreshing native plugins compatible for Editor in 157.58 ms, found 2 plugins.
Preloading 0 native plugins for Editor in 0.00 ms.
Mono: successfully reloaded assembly
- Completed reload, in  1.778 seconds
Domain Reload Profiling:
	ReloadAssembly (1779ms)
		BeginReloadAssembly (99ms)
			ExecutionOrderSort (0ms)
			DisableScriptedObjects (0ms)
			BackupInstance (0ms)
			ReleaseScriptingObjects (0ms)
			CreateAndSetChildDomain (2ms)
		EndReloadAssembly (831ms)
			LoadAssemblies (95ms)
			RebuildTransferFunctionScriptingTraits (1ms)
			SetupTypeCache (282ms)
			ReleaseScriptCaches (0ms)
			RebuildScriptCaches (47ms)
			SetupLoadedEditorAssemblies (386ms)
				LogAssemblyErrors (0ms)
				InitializePlatformSupportModulesInManaged (7ms)
				SetLoadedEditorAssemblies (0ms)
				RefreshPlugins (158ms)
				BeforeProcessingInitializeOnLoad (21ms)
				ProcessInitializeOnLoadAttributes (143ms)
				ProcessInitializeOnLoadMethodAttributes (56ms)
				AfterProcessingInitializeOnLoad (0ms)
				EditorAssembliesLoaded (1ms)
			ExecutionOrderSort2 (0ms)
			AwakeInstancesAfterBackupRestoration (0ms)
Platform modules already initialized, skipping
Registering precompiled user dll's ...
Registered in 0.007137 seconds.
Begin MonoManager ReloadAssembly
Native extension for WindowsStandalone target not found
Refreshing native plugins compatible for Editor in 239.78 ms, found 2 plugins.
Preloading 0 native plugins for Editor in 0.00 ms.
Mono: successfully reloaded assembly
- Completed reload, in  4.512 seconds
Domain Reload Profiling:
	ReloadAssembly (4514ms)
		BeginReloadAssembly (295ms)
			ExecutionOrderSort (0ms)
			DisableScriptedObjects (10ms)
			BackupInstance (0ms)
			ReleaseScriptingObjects (0ms)
			CreateAndSetChildDomain (51ms)
		EndReloadAssembly (4101ms)
			LoadAssemblies (393ms)
			RebuildTransferFunctionScriptingTraits (0ms)
			SetupTypeCache (1084ms)
			ReleaseScriptCaches (1ms)
			RebuildScriptCaches (252ms)
			SetupLoadedEditorAssemblies (2058ms)
				LogAssemblyErrors (0ms)
				InitializePlatformSupportModulesInManaged (10ms)
				SetLoadedEditorAssemblies (0ms)
				RefreshPlugins (240ms)
				BeforeProcessingInitializeOnLoad (248ms)
				ProcessInitializeOnLoadAttributes (958ms)
				ProcessInitializeOnLoadMethodAttributes (597ms)
				AfterProcessingInitializeOnLoad (4ms)
				EditorAssembliesLoaded (0ms)
			ExecutionOrderSort2 (0ms)
			AwakeInstancesAfterBackupRestoration (9ms)
Platform modules already initialized, skipping
========================================================================
Worker process is ready to serve import requests
Launched and connected shader compiler UnityShaderCompiler.exe after 0.25 seconds
Refreshing native plugins compatible for Editor in 3.98 ms, found 2 plugins.
Preloading 0 native plugins for Editor in 0.00 ms.
Unloading 3857 Unused Serialized files (Serialized files now loaded: 0)
System memory in use before: 187.9 MB.
System memory in use after: 188.1 MB.

Unloading 20 unused Assets to reduce memory usage. Loaded Objects now: 4315.
Total: 6.954400 ms (FindLiveObjects: 0.859700 ms CreateObjectMapping: 0.269700 ms MarkObjects: 5.454200 ms  DeleteObjects: 0.170000 ms)

AssetImportParameters requested are different than current active one (requested -> active):
  custom:framework-win-MediaFoundation: 216162199b28c13a410421893ffa2e32 -> 
  custom:video-decoder-ogg-theora: a1e56fd34408186e4bbccfd4996cb3dc -> 
  custom:container-muxer-webm: aa71ff27fc2769a1b78a27578f13a17b -> 
  custom:container-demuxer-webm: 4f35f7cbe854078d1ac9338744f61a02 -> 
  custom:container-demuxer-ogg: 62fdf1f143b41e24485cea50d1cbac27 -> 
  custom:video-encoder-webm-vp8: eb34c28f22e8b96e1ab97ce403110664 -> 
  custom:video-codec-MediaFoundation-h265: 746d11721c4dcdbdad8f713fa42b33f4 -> 
  custom:video-decoder-webm-vp8: 9c59270c3fd7afecdb556c50c9e8de78 -> 
  custom:audio-decoder-ogg-vorbis: bf7c407c2cedff20999df2af8eb42d56 -> 
  custom:audio-encoder-webm-vorbis: bf7c407c2cedff20999df2af8eb42d56 -> 
========================================================================
Received Import Request.
  path: Assets/ArtAssets/New weapons/baseball bat 1.fbx
  artifactKey: Guid(ec289238aeec90f4e8bb35627eec2ba5) Importer(815301076,1909f56bfc062723c751e8b465ee728b)
Start importing Assets/ArtAssets/New weapons/baseball bat 1.fbx using Guid(ec289238aeec90f4e8bb35627eec2ba5) Importer(815301076,1909f56bfc062723c751e8b465ee728b) Launched and connected shader compiler UnityShaderCompiler.exe after 0.20 seconds
Launched and connected shader compiler UnityShaderCompiler.exe after 0.20 seconds
Launched and connected shader compiler UnityShaderCompiler.exe after 0.22 seconds
Launched and connected shader compiler UnityShaderCompiler.exe after 0.18 seconds
Launched and connected shader compiler UnityShaderCompiler.exe after 0.21 seconds
Launched and connected shader compiler UnityShaderCompiler.exe after 0.22 seconds
Launched and connected shader compiler UnityShaderCompiler.exe after 0.14 seconds
Launched and connected shader compiler UnityShaderCompiler.exe after 0.17 seconds
Launched and connected shader compiler UnityShaderCompiler.exe after 0.18 seconds
Launched and connected shader compiler UnityShaderCompiler.exe after 0.22 seconds
Launched and connected shader compiler UnityShaderCompiler.exe after 0.21 seconds
 -> (artifact id: '766110b88f731c21648fb5ffebb36d9f') in 5.353356 seconds 
  Import took 5.393400 seconds .

========================================================================
Received Import Request.
  Time since last request: 374.568839 seconds.
  path: Assets/Prefabs/PlayerWeapons/Melee/Hook.prefab
  artifactKey: Guid(2f43d63e206800244a037c40fb8bdb8b) Importer(815301076,1909f56bfc062723c751e8b465ee728b)
Start importing Assets/Prefabs/PlayerWeapons/Melee/Hook.prefab using Guid(2f43d63e206800244a037c40fb8bdb8b) Importer(815301076,1909f56bfc062723c751e8b465ee728b)  -> (artifact id: '40551babe3108d48c0124a9644043452') in 0.395981 seconds 
  Import took 0.432636 seconds .

========================================================================
Received Import Request.
  Time since last request: 2474.834802 seconds.
  path: Assets/ArtAssets/New characters/bush2.2.fbx
  artifactKey: Guid(9ff005dad295ebb45b5f9ac2fc81ba11) Importer(815301076,1909f56bfc062723c751e8b465ee728b)
Start importing Assets/ArtAssets/New characters/bush2.2.fbx using Guid(9ff005dad295ebb45b5f9ac2fc81ba11) Importer(815301076,1909f56bfc062723c751e8b465ee728b)  -> (artifact id: '398152ec3562a48fb07b92a2e77efb6b') in 1.752047 seconds 
  Import took 1.865562 seconds .

========================================================================
Received Import Request.
  Time since last request: 0.000666 seconds.
  path: Assets/ArtAssets/New characters/bush2.fbx
  artifactKey: Guid(0c527685f402c3d4787f4f4173dbcc8a) Importer(815301076,1909f56bfc062723c751e8b465ee728b)
Start importing Assets/ArtAssets/New characters/bush2.fbx using Guid(0c527685f402c3d4787f4f4173dbcc8a) Importer(815301076,1909f56bfc062723c751e8b465ee728b)  -> (artifact id: '6786bc67a7ff910af0b088911d2fb280') in 0.280123 seconds 
  Import took 0.322670 seconds .

========================================================================
Received Import Request.
  Time since last request: 0.000649 seconds.
  path: Assets/ArtAssets/New characters/Textures/bush.mat
  artifactKey: Guid(65156006686aaa74d95848c33794daa0) Importer(815301076,1909f56bfc062723c751e8b465ee728b)
Start importing Assets/ArtAssets/New characters/Textures/bush.mat using Guid(65156006686aaa74d95848c33794daa0) Importer(815301076,1909f56bfc062723c751e8b465ee728b)  -> (artifact id: '554a29e69b664fd207a25dc88df1b3ec') in 0.258374 seconds 
  Import took 0.270100 seconds .

========================================================================
Received Import Request.
  Time since last request: 0.000388 seconds.
  path: Assets/ArtAssets/New characters/Textures/bush2.mat
  artifactKey: Guid(b0b9c6e1ea7436448a763f6036425b2b) Importer(815301076,1909f56bfc062723c751e8b465ee728b)
Start importing Assets/ArtAssets/New characters/Textures/bush2.mat using Guid(b0b9c6e1ea7436448a763f6036425b2b) Importer(815301076,1909f56bfc062723c751e8b465ee728b)  -> (artifact id: 'dd94ed29fb05748649745513e8da4a11') in 0.100008 seconds 
  Import took 0.114096 seconds .

========================================================================
Received Import Request.
  Time since last request: 1.617411 seconds.
  path: Assets/ArtAssets/New characters/Textures/gnomes
  artifactKey: Guid(acc5569758af4c04fbfe773424e9b023) Importer(815301076,1909f56bfc062723c751e8b465ee728b)
Start importing Assets/ArtAssets/New characters/Textures/gnomes using Guid(acc5569758af4c04fbfe773424e9b023) Importer(815301076,1909f56bfc062723c751e8b465ee728b)  -> (artifact id: '0b801805f84d032c771da08d92bffdcc') in 0.012209 seconds 
  Import took 0.039019 seconds .

========================================================================
Received Import Request.
  Time since last request: 0.100248 seconds.
  path: Assets/ArtAssets/New characters/Textures/gnomes/gnome_Base_Color.png
  artifactKey: Guid(77aab8447f1e89444b3619f77d544232) Importer(815301076,1909f56bfc062723c751e8b465ee728b)
Start importing Assets/ArtAssets/New characters/Textures/gnomes/gnome_Base_Color.png using Guid(77aab8447f1e89444b3619f77d544232) Importer(815301076,1909f56bfc062723c751e8b465ee728b)  -> (artifact id: 'd7730a96b96a8e238f169cc6c20d9889') in 0.181746 seconds 
  Import took 0.191327 seconds .

========================================================================
Received Import Request.
  Time since last request: 0.000395 seconds.
  path: Assets/ArtAssets/New characters/Textures/gnomes/pirategnome_Base_Color.png
  artifactKey: Guid(28a7ac2c1b5c98f47a8f29fcdd419365) Importer(815301076,1909f56bfc062723c751e8b465ee728b)
Start importing Assets/ArtAssets/New characters/Textures/gnomes/pirategnome_Base_Color.png using Guid(28a7ac2c1b5c98f47a8f29fcdd419365) Importer(815301076,1909f56bfc062723c751e8b465ee728b)  -> (artifact id: 'd81d8cac11cfbf64dc9c5fe2dbf68e0d') in 0.081230 seconds 
  Import took 0.090775 seconds .

========================================================================
Received Import Request.
  Time since last request: 0.000602 seconds.
  path: Assets/ArtAssets/New characters/Textures/gnomes/gnome_Base_Color.png
  artifactKey: Guid(77aab8447f1e89444b3619f77d544232) Importer(815301076,1909f56bfc062723c751e8b465ee728b)
Start importing Assets/ArtAssets/New characters/Textures/gnomes/gnome_Base_Color.png using Guid(77aab8447f1e89444b3619f77d544232) Importer(815301076,1909f56bfc062723c751e8b465ee728b)  -> (artifact id: 'd7730a96b96a8e238f169cc6c20d9889') in 0.026674 seconds 
  Import took 0.042947 seconds .

========================================================================
Received Import Request.
  Time since last request: 0.000364 seconds.
  path: Assets/ArtAssets/New characters/Textures/gnomes/pirategnome_Mixed_AO.png
  artifactKey: Guid(17a257092c31dca4cb25350e8ea85662) Importer(815301076,1909f56bfc062723c751e8b465ee728b)
Start importing Assets/ArtAssets/New characters/Textures/gnomes/pirategnome_Mixed_AO.png using Guid(17a257092c31dca4cb25350e8ea85662) Importer(815301076,1909f56bfc062723c751e8b465ee728b)  -> (artifact id: '7c7781f1a5d4dc8bfda7770bbdc6549f') in 0.096672 seconds 
  Import took 0.114655 seconds .

========================================================================
Received Import Request.
  Time since last request: 0.000416 seconds.
  path: Assets/ArtAssets/New characters/Textures/gnomes/gnome_Roughness.png
  artifactKey: Guid(141e5a2644b157643a2e37f02696b375) Importer(815301076,1909f56bfc062723c751e8b465ee728b)
Start importing Assets/ArtAssets/New characters/Textures/gnomes/gnome_Roughness.png using Guid(141e5a2644b157643a2e37f02696b375) Importer(815301076,1909f56bfc062723c751e8b465ee728b)  -> (artifact id: 'c265eca01406d26d6e1fe864f60223f5') in 0.116032 seconds 
  Import took 0.142500 seconds .

========================================================================
Received Import Request.
  Time since last request: 0.000495 seconds.
  path: Assets/ArtAssets/New characters/Textures/gnomes/gnome_Normal_OpenGL.png
  artifactKey: Guid(45a6d0b4d1083054bb135b5908c49902) Importer(815301076,1909f56bfc062723c751e8b465ee728b)
Start importing Assets/ArtAssets/New characters/Textures/gnomes/gnome_Normal_OpenGL.png using Guid(45a6d0b4d1083054bb135b5908c49902) Importer(815301076,1909f56bfc062723c751e8b465ee728b)  -> (artifact id: 'c392b638ba621283a989edeac2b0ff59') in 0.071593 seconds 
  Import took 0.092589 seconds .

========================================================================
Received Import Request.
  Time since last request: 0.000451 seconds.
  path: Assets/ArtAssets/New characters/Textures/gnomes/gnome_Mixed_AO.png
  artifactKey: Guid(0a8ca993634c32640bce74fe82e26ed3) Importer(815301076,1909f56bfc062723c751e8b465ee728b)
Start importing Assets/ArtAssets/New characters/Textures/gnomes/gnome_Mixed_AO.png using Guid(0a8ca993634c32640bce74fe82e26ed3) Importer(815301076,1909f56bfc062723c751e8b465ee728b)  -> (artifact id: '41b4935a1f4bd16fe6b1895a3dd120dc') in 0.089969 seconds 
  Import took 0.114478 seconds .

========================================================================
Received Import Request.
  Time since last request: 0.000462 seconds.
  path: Assets/ArtAssets/New characters/Textures/gnomes/pirategnome_Normal_OpenGL.png
  artifactKey: Guid(a6c990b9f5efa2741b26deaa3e5755df) Importer(815301076,1909f56bfc062723c751e8b465ee728b)
Start importing Assets/ArtAssets/New characters/Textures/gnomes/pirategnome_Normal_OpenGL.png using Guid(a6c990b9f5efa2741b26deaa3e5755df) Importer(815301076,1909f56bfc062723c751e8b465ee728b)  -> (artifact id: '53fb5f7e99345e1dfcab8c253fcc81ec') in 0.052334 seconds 
  Import took 0.079085 seconds .

========================================================================
Received Import Request.
  Time since last request: 0.000472 seconds.
  path: Assets/ArtAssets/New characters/Textures/gnomes/pirategnome_Roughness.png
  artifactKey: Guid(12fbc37a4f5090941beef4d04f3cb4cb) Importer(815301076,1909f56bfc062723c751e8b465ee728b)
Start importing Assets/ArtAssets/New characters/Textures/gnomes/pirategnome_Roughness.png using Guid(12fbc37a4f5090941beef4d04f3cb4cb) Importer(815301076,1909f56bfc062723c751e8b465ee728b)  -> (artifact id: '050e678c4c24c5604b1a4c2fb9628ec0') in 0.091458 seconds 
  Import took 0.119433 seconds .

========================================================================
Received Import Request.
  Time since last request: 0.000881 seconds.
  path: Assets/ArtAssets/New characters/Textures/gnomes/pirategnome_Normal_OpenGL.png
  artifactKey: Guid(a6c990b9f5efa2741b26deaa3e5755df) Importer(815301076,1909f56bfc062723c751e8b465ee728b)
Start importing Assets/ArtAssets/New characters/Textures/gnomes/pirategnome_Normal_OpenGL.png using Guid(a6c990b9f5efa2741b26deaa3e5755df) Importer(815301076,1909f56bfc062723c751e8b465ee728b)  -> (artifact id: '53fb5f7e99345e1dfcab8c253fcc81ec') in 0.020448 seconds 
  Import took 0.032747 seconds .

========================================================================
Received Import Request.
  Time since last request: 762.859053 seconds.
  path: Assets/ArtAssets/New characters/Textures/gnomes/gnome.mat
  artifactKey: Guid(ab9207dbb3ba0374a83108e325dee6ec) Importer(815301076,1909f56bfc062723c751e8b465ee728b)
Start importing Assets/ArtAssets/New characters/Textures/gnomes/gnome.mat using Guid(ab9207dbb3ba0374a83108e325dee6ec) Importer(815301076,1909f56bfc062723c751e8b465ee728b)  -> (artifact id: 'a97d9dc8ff6ea27b126607791cd8688a') in 0.125584 seconds 
  Import took 0.233241 seconds .

AssetImportWorkerClient::OnTransportError - code=2 error=End of file
