Using pre-set license
Built from '2020.3/staging' branch; Version is '2020.3.16f1 (049d6eca3c44) revision 302446'; Using compiler version '192528614'; Build Type 'Release'
OS: 'Windows 10 Home Single Language; OS build 19042.1348; Version 2009; 64bit' Language: 'en' Physical Memory: 8046 MB
BatchMode: 1, IsHumanControllingUs: 0, StartBugReporterOnCrash: 0, Is64bit: 1, IsPro: 0

 COMMAND LINE ARGUMENTS:
D:\Unity\2020.3.16f1\Editor\Unity.exe
-adb2
-batchMode
-noUpm
-name
AssetImportWorker2
-projectPath
D:/Unity/GitHub/PreProdPrototype3
-logFile
Logs/AssetImportWorker2.log
-srvPort
52373
Successfully changed project path to: D:/Unity/GitHub/PreProdPrototype3
D:/Unity/GitHub/PreProdPrototype3
Using Asset Import Pipeline V2.
Refreshing native plugins compatible for Editor in 177.19 ms, found 2 plugins.
Preloading 0 native plugins for Editor in 0.00 ms.
Initialize engine version: 2020.3.16f1 (049d6eca3c44)
[Subsystems] Discovering subsystems at path D:/Unity/2020.3.16f1/Editor/Data/Resources/UnitySubsystems
[Subsystems] Discovering subsystems at path D:/Unity/GitHub/PreProdPrototype3/Assets
GfxDevice: creating device client; threaded=0
Direct3D:
    Version:  Direct3D 11.0 [level 11.1]
    Renderer: NVIDIA GeForce GTX 1050 Ti (ID=0x1c8c)
    Vendor:   
    VRAM:     4021 MB
    Driver:   30.0.14.9649
Initialize mono
Mono path[0] = 'D:/Unity/2020.3.16f1/Editor/Data/Managed'
Mono path[1] = 'D:/Unity/2020.3.16f1/Editor/Data/MonoBleedingEdge/lib/mono/unityjit'
Mono config path = 'D:/Unity/2020.3.16f1/Editor/Data/MonoBleedingEdge/etc'
Using monoOptions --debugger-agent=transport=dt_socket,embedding=1,server=y,suspend=n,address=127.0.0.1:56124
Begin MonoManager ReloadAssembly
Registering precompiled unity dll's ...
Register platform support module: D:/Unity/2020.3.16f1/Editor/Data/PlaybackEngines/WindowsStandaloneSupport/UnityEditor.WindowsStandalone.Extensions.dll
Registered in 0.003635 seconds.
Native extension for WindowsStandalone target not found
Refreshing native plugins compatible for Editor in 197.33 ms, found 2 plugins.
Preloading 0 native plugins for Editor in 0.00 ms.
Mono: successfully reloaded assembly
- Completed reload, in  2.272 seconds
Domain Reload Profiling:
	ReloadAssembly (2272ms)
		BeginReloadAssembly (123ms)
			ExecutionOrderSort (0ms)
			DisableScriptedObjects (0ms)
			BackupInstance (0ms)
			ReleaseScriptingObjects (0ms)
			CreateAndSetChildDomain (1ms)
		EndReloadAssembly (1026ms)
			LoadAssemblies (123ms)
			RebuildTransferFunctionScriptingTraits (0ms)
			SetupTypeCache (369ms)
			ReleaseScriptCaches (0ms)
			RebuildScriptCaches (87ms)
			SetupLoadedEditorAssemblies (469ms)
				LogAssemblyErrors (0ms)
				InitializePlatformSupportModulesInManaged (10ms)
				SetLoadedEditorAssemblies (0ms)
				RefreshPlugins (198ms)
				BeforeProcessingInitializeOnLoad (34ms)
				ProcessInitializeOnLoadAttributes (163ms)
				ProcessInitializeOnLoadMethodAttributes (63ms)
				AfterProcessingInitializeOnLoad (0ms)
				EditorAssembliesLoaded (0ms)
			ExecutionOrderSort2 (0ms)
			AwakeInstancesAfterBackupRestoration (0ms)
Platform modules already initialized, skipping
Registering precompiled user dll's ...
Registered in 0.010246 seconds.
Begin MonoManager ReloadAssembly
Native extension for WindowsStandalone target not found
Refreshing native plugins compatible for Editor in 194.62 ms, found 2 plugins.
Preloading 0 native plugins for Editor in 0.00 ms.
Mono: successfully reloaded assembly
- Completed reload, in 13.097 seconds
Domain Reload Profiling:
	ReloadAssembly (13099ms)
		BeginReloadAssembly (259ms)
			ExecutionOrderSort (0ms)
			DisableScriptedObjects (11ms)
			BackupInstance (0ms)
			ReleaseScriptingObjects (0ms)
			CreateAndSetChildDomain (27ms)
		EndReloadAssembly (12721ms)
			LoadAssemblies (6638ms)
			RebuildTransferFunctionScriptingTraits (0ms)
			SetupTypeCache (2187ms)
			ReleaseScriptCaches (1ms)
			RebuildScriptCaches (172ms)
			SetupLoadedEditorAssemblies (3438ms)
				LogAssemblyErrors (0ms)
				InitializePlatformSupportModulesInManaged (8ms)
				SetLoadedEditorAssemblies (0ms)
				RefreshPlugins (195ms)
				BeforeProcessingInitializeOnLoad (184ms)
				ProcessInitializeOnLoadAttributes (1082ms)
				ProcessInitializeOnLoadMethodAttributes (1962ms)
				AfterProcessingInitializeOnLoad (6ms)
				EditorAssembliesLoaded (0ms)
			ExecutionOrderSort2 (0ms)
			AwakeInstancesAfterBackupRestoration (16ms)
Platform modules already initialized, skipping
========================================================================
Worker process is ready to serve import requests
Launched and connected shader compiler UnityShaderCompiler.exe after 0.30 seconds
Refreshing native plugins compatible for Editor in 2.62 ms, found 2 plugins.
Preloading 0 native plugins for Editor in 0.00 ms.
Unloading 3854 Unused Serialized files (Serialized files now loaded: 0)
System memory in use before: 185.6 MB.
System memory in use after: 185.8 MB.

Unloading 20 unused Assets to reduce memory usage. Loaded Objects now: 4309.
Total: 6.763200 ms (FindLiveObjects: 0.653700 ms CreateObjectMapping: 0.318900 ms MarkObjects: 5.623100 ms  DeleteObjects: 0.162700 ms)

AssetImportParameters requested are different than current active one (requested -> active):
  custom:framework-win-MediaFoundation: 216162199b28c13a410421893ffa2e32 -> 
  custom:video-decoder-ogg-theora: a1e56fd34408186e4bbccfd4996cb3dc -> 
  custom:container-muxer-webm: aa71ff27fc2769a1b78a27578f13a17b -> 
  custom:container-demuxer-webm: 4f35f7cbe854078d1ac9338744f61a02 -> 
  custom:container-demuxer-ogg: 62fdf1f143b41e24485cea50d1cbac27 -> 
  custom:video-encoder-webm-vp8: eb34c28f22e8b96e1ab97ce403110664 -> 
  custom:video-codec-MediaFoundation-h265: 746d11721c4dcdbdad8f713fa42b33f4 -> 
  custom:video-decoder-webm-vp8: 9c59270c3fd7afecdb556c50c9e8de78 -> 
  custom:audio-decoder-ogg-vorbis: bf7c407c2cedff20999df2af8eb42d56 -> 
  custom:audio-encoder-webm-vorbis: bf7c407c2cedff20999df2af8eb42d56 -> 
========================================================================
Received Import Request.
  path: Assets/VFX/MuzzleFlash.cs
  artifactKey: Guid(b9764c8f29847eb42905986b17112de7) Importer(815301076,1909f56bfc062723c751e8b465ee728b)
Start importing Assets/VFX/MuzzleFlash.cs using Guid(b9764c8f29847eb42905986b17112de7) Importer(815301076,1909f56bfc062723c751e8b465ee728b)  -> (artifact id: 'ab6a9590bda659b491c3f2c8f1ab2121') in 0.118474 seconds 
  Import took 0.129555 seconds .

========================================================================
Received Import Request.
  Time since last request: 42.602044 seconds.
  path: Assets/VFX/Muzzle flash.png
  artifactKey: Guid(ec103e65f583c0b4d9d86c26a151a004) Importer(815301076,1909f56bfc062723c751e8b465ee728b)
Start importing Assets/VFX/Muzzle flash.png using Guid(ec103e65f583c0b4d9d86c26a151a004) Importer(815301076,1909f56bfc062723c751e8b465ee728b)  -> (artifact id: 'e12489df13a4108c7ec77f2da5b87b08') in 0.293914 seconds 
  Import took 0.313225 seconds .

========================================================================
Received Import Request.
  Time since last request: 10.449981 seconds.
  path: Assets/VFX/Muzzle flash.png
  artifactKey: Guid(ec103e65f583c0b4d9d86c26a151a004) Importer(815301076,1909f56bfc062723c751e8b465ee728b)
Start importing Assets/VFX/Muzzle flash.png using Guid(ec103e65f583c0b4d9d86c26a151a004) Importer(815301076,1909f56bfc062723c751e8b465ee728b)  -> (artifact id: '5061f8beea3430cb1eae1db1af3b193f') in 0.096992 seconds 
  Import took 0.115996 seconds .

========================================================================
Received Import Request.
  Time since last request: 1061.520618 seconds.
  path: Assets/Reference/Global Volume.prefab
  artifactKey: Guid(da1ba9333908e67489421759d6adaeed) Importer(815301076,1909f56bfc062723c751e8b465ee728b)
Start importing Assets/Reference/Global Volume.prefab using Guid(da1ba9333908e67489421759d6adaeed) Importer(815301076,1909f56bfc062723c751e8b465ee728b)  -> (artifact id: '4fb3ebe2266a725283ab1b1ff21dbc5b') in 0.030017 seconds 
  Import took 0.059883 seconds .

========================================================================
Received Import Request.
  Time since last request: 0.050332 seconds.
  path: Assets/Reference/Global Volume.prefab
  artifactKey: Guid(da1ba9333908e67489421759d6adaeed) Importer(815301076,1909f56bfc062723c751e8b465ee728b)
Start importing Assets/Reference/Global Volume.prefab using Guid(da1ba9333908e67489421759d6adaeed) Importer(815301076,1909f56bfc062723c751e8b465ee728b)  -> (artifact id: '4fb3ebe2266a725283ab1b1ff21dbc5b') in 0.006736 seconds 
  Import took 0.014435 seconds .

========================================================================
Received Import Request.
  Time since last request: 29.578659 seconds.
  path: Assets/Reference/torch (13).prefab
  artifactKey: Guid(161ac630171a73446b899315d51e2139) Importer(815301076,1909f56bfc062723c751e8b465ee728b)
Start importing Assets/Reference/torch (13).prefab using Guid(161ac630171a73446b899315d51e2139) Importer(815301076,1909f56bfc062723c751e8b465ee728b) Launched and connected shader compiler UnityShaderCompiler.exe after 0.23 seconds
Launched and connected shader compiler UnityShaderCompiler.exe after 0.25 seconds
Launched and connected shader compiler UnityShaderCompiler.exe after 0.13 seconds
Launched and connected shader compiler UnityShaderCompiler.exe after 0.16 seconds
Launched and connected shader compiler UnityShaderCompiler.exe after 0.12 seconds
Launched and connected shader compiler UnityShaderCompiler.exe after 0.12 seconds
Launched and connected shader compiler UnityShaderCompiler.exe after 0.11 seconds
Launched and connected shader compiler UnityShaderCompiler.exe after 0.13 seconds
Launched and connected shader compiler UnityShaderCompiler.exe after 0.12 seconds
Launched and connected shader compiler UnityShaderCompiler.exe after 0.14 seconds
Launched and connected shader compiler UnityShaderCompiler.exe after 0.14 seconds
 -> (artifact id: '52d75f6ecb6fdb7213b4b5e43aa5c54a') in 4.461460 seconds 
  Import took 4.483758 seconds .

========================================================================
Received Import Request.
  Time since last request: 12.075810 seconds.
  path: Assets/Reference/torchlight (6).prefab
  artifactKey: Guid(c5b472c4a1c5d8248b74ec949c8288b8) Importer(815301076,1909f56bfc062723c751e8b465ee728b)
Start importing Assets/Reference/torchlight (6).prefab using Guid(c5b472c4a1c5d8248b74ec949c8288b8) Importer(815301076,1909f56bfc062723c751e8b465ee728b)  -> (artifact id: 'df0930954294f6029aeb55f454ff46db') in 0.017700 seconds 
  Import took 0.027169 seconds .

========================================================================
Received Import Request.
  Time since last request: 0.009182 seconds.
  path: Assets/Reference/torchlight (6).prefab
  artifactKey: Guid(c5b472c4a1c5d8248b74ec949c8288b8) Importer(815301076,1909f56bfc062723c751e8b465ee728b)
Start importing Assets/Reference/torchlight (6).prefab using Guid(c5b472c4a1c5d8248b74ec949c8288b8) Importer(815301076,1909f56bfc062723c751e8b465ee728b)  -> (artifact id: 'df0930954294f6029aeb55f454ff46db') in 0.006629 seconds 
  Import took 0.014735 seconds .

========================================================================
Received Import Request.
  Time since last request: 37.038493 seconds.
  path: Assets/Scenes/Raggy's scene.unity
  artifactKey: Guid(d0503c095c86df84aa41d557b57edccb) Importer(815301076,1909f56bfc062723c751e8b465ee728b)
Start importing Assets/Scenes/Raggy's scene.unity using Guid(d0503c095c86df84aa41d557b57edccb) Importer(815301076,1909f56bfc062723c751e8b465ee728b)  -> (artifact id: '7b7adb7f394a334fe0c3c328012eef3b') in 0.016318 seconds 
  Import took 0.038849 seconds .

========================================================================
Received Import Request.
  Time since last request: 888.059984 seconds.
  path: Assets/Scenes/Raggy's scene.unity
  artifactKey: Guid(d0503c095c86df84aa41d557b57edccb) Importer(815301076,1909f56bfc062723c751e8b465ee728b)
Start importing Assets/Scenes/Raggy's scene.unity using Guid(d0503c095c86df84aa41d557b57edccb) Importer(815301076,1909f56bfc062723c751e8b465ee728b)  -> (artifact id: '4925c88010d0a863e81237696f6f36b5') in 0.004884 seconds 
  Import took 0.023206 seconds .

========================================================================
Received Import Request.
  Time since last request: 0.004081 seconds.
  path: Assets/Scenes/Raggy's scene.unity
  artifactKey: Guid(d0503c095c86df84aa41d557b57edccb) Importer(815301076,1909f56bfc062723c751e8b465ee728b)
Start importing Assets/Scenes/Raggy's scene.unity using Guid(d0503c095c86df84aa41d557b57edccb) Importer(815301076,1909f56bfc062723c751e8b465ee728b)  -> (artifact id: '4925c88010d0a863e81237696f6f36b5') in 0.003740 seconds 
  Import took 0.014344 seconds .

========================================================================
Received Import Request.
  Time since last request: 629.374387 seconds.
  path: Assets/Reference/Tree3.fbx
  artifactKey: Guid(ea46149dc577bd64fb8ebfb3e3d2de4e) Importer(815301076,1909f56bfc062723c751e8b465ee728b)
Start importing Assets/Reference/Tree3.fbx using Guid(ea46149dc577bd64fb8ebfb3e3d2de4e) Importer(815301076,1909f56bfc062723c751e8b465ee728b)  -> (artifact id: 'dd0a096c1d9d5631cd3f55456522f61d') in 0.581591 seconds 
  Import took 0.641394 seconds .

========================================================================
Received Import Request.
  Time since last request: 0.000453 seconds.
  path: Assets/Reference/Tree4.fbx
  artifactKey: Guid(4ff81733dd81e40468ebc52e2c1e624c) Importer(815301076,1909f56bfc062723c751e8b465ee728b)
Start importing Assets/Reference/Tree4.fbx using Guid(4ff81733dd81e40468ebc52e2c1e624c) Importer(815301076,1909f56bfc062723c751e8b465ee728b)  -> (artifact id: 'ac893e9a6190f44a77ea04b3d7fcba7f') in 0.066834 seconds 
  Import took 0.093751 seconds .

========================================================================
Received Import Request.
  Time since last request: 0.000407 seconds.
  path: Assets/Reference/Tree5.fbx
  artifactKey: Guid(263f24f7e51b1f84998954edc515c42d) Importer(815301076,1909f56bfc062723c751e8b465ee728b)
Start importing Assets/Reference/Tree5.fbx using Guid(263f24f7e51b1f84998954edc515c42d) Importer(815301076,1909f56bfc062723c751e8b465ee728b)  -> (artifact id: 'a6d9ee98f4b3959bd331fcd877474971') in 0.064385 seconds 
  Import took 0.112308 seconds .

========================================================================
Received Import Request.
  Time since last request: 779.266582 seconds.
  path: Assets/ArtAssets/p3 juan assets/textures/tomb
  artifactKey: Guid(8b9ce1b7fd1310041bb3c8e1749031d6) Importer(815301076,1909f56bfc062723c751e8b465ee728b)
Start importing Assets/ArtAssets/p3 juan assets/textures/tomb using Guid(8b9ce1b7fd1310041bb3c8e1749031d6) Importer(815301076,1909f56bfc062723c751e8b465ee728b)  -> (artifact id: 'e4b1a5775f870848af4c13f33deca049') in 0.033738 seconds 
  Import took 0.139569 seconds .

========================================================================
Received Import Request.
  Time since last request: 0.000366 seconds.
  path: Assets/ArtAssets/p3 juan assets/textures/tomb/tomb_initialShadingGroup_MaskMap.png
  artifactKey: Guid(e288885c5bdf88047964bedccd6a586f) Importer(815301076,1909f56bfc062723c751e8b465ee728b)
Start importing Assets/ArtAssets/p3 juan assets/textures/tomb/tomb_initialShadingGroup_MaskMap.png using Guid(e288885c5bdf88047964bedccd6a586f) Importer(815301076,1909f56bfc062723c751e8b465ee728b)  -> (artifact id: 'fc0317a87df03efa6b6653ab42f86ac4') in 0.137561 seconds 
  Import took 0.167006 seconds .

========================================================================
Received Import Request.
  Time since last request: 0.000353 seconds.
  path: Assets/ArtAssets/p3 juan assets/textures/tomb/tomb_initialShadingGroup_Normal.png
  artifactKey: Guid(d4490eb4434ae644fab6e4f915d5f307) Importer(815301076,1909f56bfc062723c751e8b465ee728b)
Start importing Assets/ArtAssets/p3 juan assets/textures/tomb/tomb_initialShadingGroup_Normal.png using Guid(d4490eb4434ae644fab6e4f915d5f307) Importer(815301076,1909f56bfc062723c751e8b465ee728b)  -> (artifact id: '8beb6d0ce8fd2db40732d80645debdf0') in 0.116475 seconds 
  Import took 0.126211 seconds .

========================================================================
Received Import Request.
  Time since last request: 0.000368 seconds.
  path: Assets/ArtAssets/p3 juan assets/textures/tomb/tomb_initialShadingGroup_BaseMap.png
  artifactKey: Guid(80f423e1bd794d24ab15a528e4a03730) Importer(815301076,1909f56bfc062723c751e8b465ee728b)
Start importing Assets/ArtAssets/p3 juan assets/textures/tomb/tomb_initialShadingGroup_BaseMap.png using Guid(80f423e1bd794d24ab15a528e4a03730) Importer(815301076,1909f56bfc062723c751e8b465ee728b)  -> (artifact id: 'c50add908162f123501ea02696691287') in 0.095616 seconds 
  Import took 0.127222 seconds .

========================================================================
Received Import Request.
  Time since last request: 1.932636 seconds.
  path: Assets/ArtAssets/p3 juan assets/textures/torch
  artifactKey: Guid(fc1c233442ab1254096c678992afd82f) Importer(815301076,1909f56bfc062723c751e8b465ee728b)
Start importing Assets/ArtAssets/p3 juan assets/textures/torch using Guid(fc1c233442ab1254096c678992afd82f) Importer(815301076,1909f56bfc062723c751e8b465ee728b)  -> (artifact id: '44a9449e07207f21494895986e248897') in 0.038106 seconds 
  Import took 0.078039 seconds .

========================================================================
Received Import Request.
  Time since last request: 0.378316 seconds.
  path: Assets/ArtAssets/p3 juan assets/textures/torch/torch_initialShadingGroup_BaseMap.png
  artifactKey: Guid(2d8ffec9e6ce3ea479ffa41e194ffa76) Importer(815301076,1909f56bfc062723c751e8b465ee728b)
Start importing Assets/ArtAssets/p3 juan assets/textures/torch/torch_initialShadingGroup_BaseMap.png using Guid(2d8ffec9e6ce3ea479ffa41e194ffa76) Importer(815301076,1909f56bfc062723c751e8b465ee728b)  -> (artifact id: '4d7c6382eb14c469b2c1667293899fe7') in 0.145269 seconds 
  Import took 0.154419 seconds .

========================================================================
Received Import Request.
  Time since last request: 0.000333 seconds.
  path: Assets/ArtAssets/p3 juan assets/textures/torch/torch_initialShadingGroup_Normal.png
  artifactKey: Guid(904aabd4b81094e4c90d890920dd64b1) Importer(815301076,1909f56bfc062723c751e8b465ee728b)
Start importing Assets/ArtAssets/p3 juan assets/textures/torch/torch_initialShadingGroup_Normal.png using Guid(904aabd4b81094e4c90d890920dd64b1) Importer(815301076,1909f56bfc062723c751e8b465ee728b)  -> (artifact id: '10e62a4db97c64d2aa9ee6e242dd36cf') in 0.070102 seconds 
  Import took 0.077431 seconds .

========================================================================
Received Import Request.
  Time since last request: 0.000342 seconds.
  path: Assets/ArtAssets/p3 juan assets/textures/torch/torch_initialShadingGroup_MaskMap.png
  artifactKey: Guid(7c9b6905b1cfca246965b0a137b270ec) Importer(815301076,1909f56bfc062723c751e8b465ee728b)
Start importing Assets/ArtAssets/p3 juan assets/textures/torch/torch_initialShadingGroup_MaskMap.png using Guid(7c9b6905b1cfca246965b0a137b270ec) Importer(815301076,1909f56bfc062723c751e8b465ee728b)  -> (artifact id: '8f7dc67e1a89a6e41d1b8e5b4709b501') in 0.073761 seconds 
  Import took 0.080931 seconds .

========================================================================
Received Import Request.
  Time since last request: 2.483203 seconds.
  path: Assets/ArtAssets/p3 juan assets/textures/coffin
  artifactKey: Guid(5e7ec52c061dde24298c9be81f9b814a) Importer(815301076,1909f56bfc062723c751e8b465ee728b)
Start importing Assets/ArtAssets/p3 juan assets/textures/coffin using Guid(5e7ec52c061dde24298c9be81f9b814a) Importer(815301076,1909f56bfc062723c751e8b465ee728b)  -> (artifact id: '195e51a20c4fa8855fe0f75c1f0cfa74') in 0.018915 seconds 
  Import took 0.046997 seconds .

========================================================================
Received Import Request.
  Time since last request: 0.000350 seconds.
  path: Assets/ArtAssets/p3 juan assets/textures/coffin/coffin_initialShadingGroup_BaseMap.png
  artifactKey: Guid(a714662ccd7f228419fecbaa68ee5660) Importer(815301076,1909f56bfc062723c751e8b465ee728b)
Start importing Assets/ArtAssets/p3 juan assets/textures/coffin/coffin_initialShadingGroup_BaseMap.png using Guid(a714662ccd7f228419fecbaa68ee5660) Importer(815301076,1909f56bfc062723c751e8b465ee728b)  -> (artifact id: '0e1961a3e5a38509a0017bc06eb94495') in 0.115866 seconds 
  Import took 0.143893 seconds .

========================================================================
Received Import Request.
  Time since last request: 0.000518 seconds.
  path: Assets/ArtAssets/p3 juan assets/textures/coffin/coffin_initialShadingGroup_MaskMap.png
  artifactKey: Guid(c78e06cb63c13764087907f45a059a7c) Importer(815301076,1909f56bfc062723c751e8b465ee728b)
Start importing Assets/ArtAssets/p3 juan assets/textures/coffin/coffin_initialShadingGroup_MaskMap.png using Guid(c78e06cb63c13764087907f45a059a7c) Importer(815301076,1909f56bfc062723c751e8b465ee728b)  -> (artifact id: '74dc4a2a3ec5065dddf8ea11a4f73b96') in 0.095642 seconds 
  Import took 0.160659 seconds .

========================================================================
Received Import Request.
  Time since last request: 0.000470 seconds.
  path: Assets/ArtAssets/p3 juan assets/textures/coffin/coffin_initialShadingGroup_Normal.png
  artifactKey: Guid(55c9c6baf83410744a5bb73a3b06c42a) Importer(815301076,1909f56bfc062723c751e8b465ee728b)
Start importing Assets/ArtAssets/p3 juan assets/textures/coffin/coffin_initialShadingGroup_Normal.png using Guid(55c9c6baf83410744a5bb73a3b06c42a) Importer(815301076,1909f56bfc062723c751e8b465ee728b)  -> (artifact id: 'a713a57b4f0ea63bc66d3be964bcff09') in 0.060910 seconds 
  Import took 0.073405 seconds .

========================================================================
Received Import Request.
  Time since last request: 34.130543 seconds.
  path: Assets/ArtAssets/p3 juan assets/textures/TexturesCom_Wood_TeakVeneer_512_albedo.tif
  artifactKey: Guid(91ee1cb13158e1d4da869eef7b1f2f0f) Importer(815301076,1909f56bfc062723c751e8b465ee728b)
Start importing Assets/ArtAssets/p3 juan assets/textures/TexturesCom_Wood_TeakVeneer_512_albedo.tif using Guid(91ee1cb13158e1d4da869eef7b1f2f0f) Importer(815301076,1909f56bfc062723c751e8b465ee728b)  -> (artifact id: '5ad9c11eadfe60c29517843986a5b8ca') in 0.059847 seconds 
  Import took 0.070460 seconds .

========================================================================
Received Import Request.
  Time since last request: 17.440750 seconds.
  path: Assets/Reference/TexturesCom_Wood_TeakVeneer_512_albedo.tif
  artifactKey: Guid(42bc47e43e662f94e9901f9e28f65c7f) Importer(815301076,1909f56bfc062723c751e8b465ee728b)
Start importing Assets/Reference/TexturesCom_Wood_TeakVeneer_512_albedo.tif using Guid(42bc47e43e662f94e9901f9e28f65c7f) Importer(815301076,1909f56bfc062723c751e8b465ee728b)  -> (artifact id: 'e8d7fb1b2cc17682b00c59a1fd5988f8') in 0.018604 seconds 
  Import took 0.063714 seconds .

========================================================================
Received Import Request.
  Time since last request: 0.013428 seconds.
  path: Assets/Reference/TexturesCom_Wood_TeakVeneer_512_albedo.tif
  artifactKey: Guid(42bc47e43e662f94e9901f9e28f65c7f) Importer(815301076,1909f56bfc062723c751e8b465ee728b)
Start importing Assets/Reference/TexturesCom_Wood_TeakVeneer_512_albedo.tif using Guid(42bc47e43e662f94e9901f9e28f65c7f) Importer(815301076,1909f56bfc062723c751e8b465ee728b)  -> (artifact id: 'e8d7fb1b2cc17682b00c59a1fd5988f8') in 0.048910 seconds 
  Import took 0.057433 seconds .

========================================================================
Received Import Request.
  Time since last request: 6.377528 seconds.
  path: Assets/Reference/wood.mat
  artifactKey: Guid(baed103afda61644ca0d678953253d1e) Importer(815301076,1909f56bfc062723c751e8b465ee728b)
Start importing Assets/Reference/wood.mat using Guid(baed103afda61644ca0d678953253d1e) Importer(815301076,1909f56bfc062723c751e8b465ee728b)  -> (artifact id: 'ed0bd670a28b7db3dc111a4730b80720') in 0.150086 seconds 
  Import took 0.161341 seconds .

========================================================================
Received Import Request.
  Time since last request: 66.829944 seconds.
  path: Assets/ArtAssets/juans assets/placeable water.mat
  artifactKey: Guid(1690580741d3fba4b823abb28bf5a941) Importer(815301076,1909f56bfc062723c751e8b465ee728b)
Start importing Assets/ArtAssets/juans assets/placeable water.mat using Guid(1690580741d3fba4b823abb28bf5a941) Importer(815301076,1909f56bfc062723c751e8b465ee728b)  -> (artifact id: 'ea60a7c140a48cdf763309927a442f83') in 1.614691 seconds 
  Import took 1.645745 seconds .

========================================================================
Received Import Request.
  Time since last request: 937.070473 seconds.
  path: Assets/Reference/Fireflies.prefab
  artifactKey: Guid(ee2533f3b5ca33140ae8fc7fcebfd108) Importer(815301076,1909f56bfc062723c751e8b465ee728b)
Start importing Assets/Reference/Fireflies.prefab using Guid(ee2533f3b5ca33140ae8fc7fcebfd108) Importer(815301076,1909f56bfc062723c751e8b465ee728b)  -> (artifact id: '615d722999763a19dbc168c6f91c5ff9') in 0.057638 seconds 
  Import took 0.079350 seconds .

========================================================================
Received Import Request.
  Time since last request: 723.465067 seconds.
  path: Assets/VFX/MuzzleFlash.cs
  artifactKey: Guid(b9764c8f29847eb42905986b17112de7) Importer(815301076,1909f56bfc062723c751e8b465ee728b)
Start importing Assets/VFX/MuzzleFlash.cs using Guid(b9764c8f29847eb42905986b17112de7) Importer(815301076,1909f56bfc062723c751e8b465ee728b)  -> (artifact id: '408694efcdc5bf3eb46fb2dedfc4154c') in 0.024882 seconds 
  Import took 0.054449 seconds .

========================================================================
Received Import Request.
  Time since last request: 0.008349 seconds.
  path: Assets/VFX/MuzzleFlash.cs
  artifactKey: Guid(b9764c8f29847eb42905986b17112de7) Importer(815301076,1909f56bfc062723c751e8b465ee728b)
Start importing Assets/VFX/MuzzleFlash.cs using Guid(b9764c8f29847eb42905986b17112de7) Importer(815301076,1909f56bfc062723c751e8b465ee728b)  -> (artifact id: '408694efcdc5bf3eb46fb2dedfc4154c') in 0.003302 seconds 
  Import took 0.010502 seconds .

========================================================================
Received Import Request.
  Time since last request: 2979.466247 seconds.
  path: Assets/VFX/MuzzleFlash.cs
  artifactKey: Guid(b9764c8f29847eb42905986b17112de7) Importer(815301076,1909f56bfc062723c751e8b465ee728b)
Start importing Assets/VFX/MuzzleFlash.cs using Guid(b9764c8f29847eb42905986b17112de7) Importer(815301076,1909f56bfc062723c751e8b465ee728b)  -> (artifact id: 'ae5451a188738ea04d339219f6a664d5') in 0.011673 seconds 
  Import took 0.040694 seconds .

========================================================================
Received Import Request.
  Time since last request: 29.068675 seconds.
  path: Packages/com.unity.render-pipelines.high-definition/Runtime/RenderPipelineResources/Material/DefaultHDParticleMaterial.mat
  artifactKey: Guid(b739a3f02ff77bf48b7636e64c3e3b4c) Importer(815301076,1909f56bfc062723c751e8b465ee728b)
Start importing Packages/com.unity.render-pipelines.high-definition/Runtime/RenderPipelineResources/Material/DefaultHDParticleMaterial.mat using Guid(b739a3f02ff77bf48b7636e64c3e3b4c) Importer(815301076,1909f56bfc062723c751e8b465ee728b)  -> (artifact id: '9a6e8d0078cca8af908fd42633c59534') in 0.582513 seconds 
  Import took 0.596284 seconds .

========================================================================
Received Import Request.
  Time since last request: 356.222076 seconds.
  path: Packages/com.unity.render-pipelines.high-definition/Runtime/RenderPipelineResources/Material/DefaultHDDecalMaterial.mat
  artifactKey: Guid(500e733574922d04ea961553b1b26a63) Importer(815301076,1909f56bfc062723c751e8b465ee728b)
Start importing Packages/com.unity.render-pipelines.high-definition/Runtime/RenderPipelineResources/Material/DefaultHDDecalMaterial.mat using Guid(500e733574922d04ea961553b1b26a63) Importer(815301076,1909f56bfc062723c751e8b465ee728b)  -> (artifact id: '224882f03a94901f59f41c38f3766cbd') in 0.139284 seconds 
  Import took 0.241211 seconds .

========================================================================
Received Import Request.
  Time since last request: 0.000721 seconds.
  path: Packages/com.unity.render-pipelines.high-definition/Runtime/RenderPipelineResources/Material/DefaultHDTerrainMaterial.mat
  artifactKey: Guid(22ff8771d87ef27429e670136399094b) Importer(815301076,1909f56bfc062723c751e8b465ee728b)
Start importing Packages/com.unity.render-pipelines.high-definition/Runtime/RenderPipelineResources/Material/DefaultHDTerrainMaterial.mat using Guid(22ff8771d87ef27429e670136399094b) Importer(815301076,1909f56bfc062723c751e8b465ee728b)  -> (artifact id: '503903c1d990bf0d33a686dc6bf1c2b1') in 0.660133 seconds 
  Import took 0.688772 seconds .

========================================================================
Received Import Request.
  Time since last request: 0.001017 seconds.
  path: Packages/com.unity.searcher/Editor/Resources/FlatSkin/Font/Roboto-Thin.ttf
  artifactKey: Guid(19a9abb883540be48b75b951a927ae03) Importer(815301076,1909f56bfc062723c751e8b465ee728b)
Start importing Packages/com.unity.searcher/Editor/Resources/FlatSkin/Font/Roboto-Thin.ttf using Guid(19a9abb883540be48b75b951a927ae03) Importer(815301076,1909f56bfc062723c751e8b465ee728b)  -> (artifact id: '455c54cb5b2b39ed5c6ea9ae444974a8') in 0.176510 seconds 
  Import took 0.207646 seconds .

========================================================================
Received Import Request.
  Time since last request: 0.000633 seconds.
  path: Packages/com.unity.searcher/Editor/Resources/FlatSkin/Font/Roboto-MediumItalic.ttf
  artifactKey: Guid(d93c1bc57fdf1ac4dad1bf04fac05464) Importer(815301076,1909f56bfc062723c751e8b465ee728b)
Start importing Packages/com.unity.searcher/Editor/Resources/FlatSkin/Font/Roboto-MediumItalic.ttf using Guid(d93c1bc57fdf1ac4dad1bf04fac05464) Importer(815301076,1909f56bfc062723c751e8b465ee728b)  -> (artifact id: '2a65a3065d10a80d6395b674b45f7aa0') in 0.080953 seconds 
  Import took 0.111886 seconds .

========================================================================
Received Import Request.
  Time since last request: 0.000321 seconds.
  path: Assets/SampleSceneAssets/Materials/General/Fabric_Mat.mat
  artifactKey: Guid(d7e92d5116171344ba594f9d547cd085) Importer(815301076,1909f56bfc062723c751e8b465ee728b)
Start importing Assets/SampleSceneAssets/Materials/General/Fabric_Mat.mat using Guid(d7e92d5116171344ba594f9d547cd085) Importer(815301076,1909f56bfc062723c751e8b465ee728b)  -> (artifact id: '82b11c56858c370f798c8245b974b83c') in 0.218989 seconds 
  Import took 0.229598 seconds .

========================================================================
Received Import Request.
  Time since last request: 0.000430 seconds.
  path: Packages/com.unity.searcher/Editor/Resources/FlatSkin/Font/Roboto-ThinItalic.ttf
  artifactKey: Guid(b2ea3b3f1765e544b9eb5bd1a93a91ce) Importer(815301076,1909f56bfc062723c751e8b465ee728b)
Start importing Packages/com.unity.searcher/Editor/Resources/FlatSkin/Font/Roboto-ThinItalic.ttf using Guid(b2ea3b3f1765e544b9eb5bd1a93a91ce) Importer(815301076,1909f56bfc062723c751e8b465ee728b)  -> (artifact id: 'c8eb406cb550537f11497cfddc5ccfc4') in 0.058258 seconds 
  Import took 0.083095 seconds .

========================================================================
Received Import Request.
  Time since last request: 0.000359 seconds.
  path: Assets/ArtAssets/p3 juan assets/textures/fence/fence.mat
  artifactKey: Guid(652614fc03d859b4d9bf45d80fb2addb) Importer(815301076,1909f56bfc062723c751e8b465ee728b)
Start importing Assets/ArtAssets/p3 juan assets/textures/fence/fence.mat using Guid(652614fc03d859b4d9bf45d80fb2addb) Importer(815301076,1909f56bfc062723c751e8b465ee728b)  -> (artifact id: '3e279a8b41b2709d3606664c764f52a4') in 0.281559 seconds 
  Import took 0.374840 seconds .

========================================================================
Received Import Request.
  Time since last request: 0.000443 seconds.
  path: Assets/SampleSceneAssets/Materials/General/Fern_01_Mat.mat
  artifactKey: Guid(41b4ab126d0398d4a82ef0abf15e1226) Importer(815301076,1909f56bfc062723c751e8b465ee728b)
Start importing Assets/SampleSceneAssets/Materials/General/Fern_01_Mat.mat using Guid(41b4ab126d0398d4a82ef0abf15e1226) Importer(815301076,1909f56bfc062723c751e8b465ee728b)  -> (artifact id: 'd655ce625f0c52b9b36ff31c70381c99') in 1.301295 seconds 
  Import took 1.315905 seconds .

========================================================================
Received Import Request.
  Time since last request: 0.000348 seconds.
  path: Packages/com.unity.render-pipelines.high-definition/Runtime/RenderPipelineResources/Material/DefaultHDMirrorMaterial.mat
  artifactKey: Guid(6b17274157b33bc45b6a40e7d4ff51fe) Importer(815301076,1909f56bfc062723c751e8b465ee728b)
Start importing Packages/com.unity.render-pipelines.high-definition/Runtime/RenderPipelineResources/Material/DefaultHDMirrorMaterial.mat using Guid(6b17274157b33bc45b6a40e7d4ff51fe) Importer(815301076,1909f56bfc062723c751e8b465ee728b)  -> (artifact id: '4c58f608aaf4ff28e1b0e895f06c2166') in 0.045629 seconds 
  Import took 0.059332 seconds .

========================================================================
Received Import Request.
  Time since last request: 0.000299 seconds.
  path: Packages/com.unity.render-pipelines.high-definition/Runtime/RenderPipelineResources/Material/DefaultHDMaterial.mat
  artifactKey: Guid(73c176f402d2c2f4d929aa5da7585d17) Importer(815301076,1909f56bfc062723c751e8b465ee728b)
Start importing Packages/com.unity.render-pipelines.high-definition/Runtime/RenderPipelineResources/Material/DefaultHDMaterial.mat using Guid(73c176f402d2c2f4d929aa5da7585d17) Importer(815301076,1909f56bfc062723c751e8b465ee728b)  -> (artifact id: 'c2d2c264e7364b9722d44003ba0cd56d') in 0.046912 seconds 
  Import took 0.067838 seconds .

========================================================================
Received Import Request.
  Time since last request: 0.000349 seconds.
  path: Packages/com.unity.render-pipelines.core/Runtime/Debugging/Prefabs/Fonts/Perfect DOS VGA 437.ttf
  artifactKey: Guid(74a5091d8707f334b9a5c31ef71a64ba) Importer(815301076,1909f56bfc062723c751e8b465ee728b)
Start importing Packages/com.unity.render-pipelines.core/Runtime/Debugging/Prefabs/Fonts/Perfect DOS VGA 437.ttf using Guid(74a5091d8707f334b9a5c31ef71a64ba) Importer(815301076,1909f56bfc062723c751e8b465ee728b)  -> (artifact id: 'cc5cd63c0deacc397e88312d6d6f046d') in 0.068251 seconds 
  Import took 0.080912 seconds .

========================================================================
Received Import Request.
  Time since last request: 22.955258 seconds.
  path: Assets/VFX/muzzle.mat
  artifactKey: Guid(b98e1e4a374d2d748b2b9fc961ca53b8) Importer(815301076,1909f56bfc062723c751e8b465ee728b)
Start importing Assets/VFX/muzzle.mat using Guid(b98e1e4a374d2d748b2b9fc961ca53b8) Importer(815301076,1909f56bfc062723c751e8b465ee728b)  -> (artifact id: '25e8f75f25a368700285225336c02806') in 0.069296 seconds 
  Import took 0.083962 seconds .

========================================================================
Received Import Request.
  Time since last request: 142.174010 seconds.
  path: Assets/Reference/wood.mat
  artifactKey: Guid(baed103afda61644ca0d678953253d1e) Importer(815301076,1909f56bfc062723c751e8b465ee728b)
Start importing Assets/Reference/wood.mat using Guid(baed103afda61644ca0d678953253d1e) Importer(815301076,1909f56bfc062723c751e8b465ee728b)  -> (artifact id: 'fd6d241ccfbd79625f6ae818c78e442d') in 0.128595 seconds 
  Import took 0.186844 seconds .

========================================================================
Received Import Request.
  Time since last request: 61.974529 seconds.
  path: Assets/TextMesh Pro/Resources/Fonts & Materials/LiberationSans SDF - Outline.mat
  artifactKey: Guid(79459efec17a4d00a321bdcc27bbc385) Importer(815301076,1909f56bfc062723c751e8b465ee728b)
Start importing Assets/TextMesh Pro/Resources/Fonts & Materials/LiberationSans SDF - Outline.mat using Guid(79459efec17a4d00a321bdcc27bbc385) Importer(815301076,1909f56bfc062723c751e8b465ee728b)  -> (artifact id: '6035e3df746e9ccb4ed3ac1903b8b48c') in 0.273906 seconds 
  Import took 0.324531 seconds .

========================================================================
Received Import Request.
  Time since last request: 0.000360 seconds.
  path: Assets/SampleSceneAssets/Materials/General/MetalBlack_Mat.mat
  artifactKey: Guid(c9af0dbe88854d64aa8e276b41a10462) Importer(815301076,1909f56bfc062723c751e8b465ee728b)
Start importing Assets/SampleSceneAssets/Materials/General/MetalBlack_Mat.mat using Guid(c9af0dbe88854d64aa8e276b41a10462) Importer(815301076,1909f56bfc062723c751e8b465ee728b)  -> (artifact id: '4c1b6e7ae8aa50ec6f68a64fa78fc5ed') in 0.329149 seconds 
  Import took 0.353401 seconds .

========================================================================
Received Import Request.
  Time since last request: 0.001018 seconds.
  path: Assets/TextMesh Pro/Resources/Fonts & Materials/LiberationSans SDF - Fallback.asset
  artifactKey: Guid(2e498d1c8094910479dc3e1b768306a4) Importer(815301076,1909f56bfc062723c751e8b465ee728b)
Start importing Assets/TextMesh Pro/Resources/Fonts & Materials/LiberationSans SDF - Fallback.asset using Guid(2e498d1c8094910479dc3e1b768306a4) Importer(815301076,1909f56bfc062723c751e8b465ee728b)  -> (artifact id: 'a790a121af7c69ecf9e5b5674965af89') in 0.193513 seconds 
  Import took 0.215147 seconds .

========================================================================
Received Import Request.
  Time since last request: 0.000481 seconds.
  path: Assets/ArtAssets/Tile Assets/texture files/T-tile/New Material.mat
  artifactKey: Guid(34b440a68d02545468e519a72552fde0) Importer(815301076,1909f56bfc062723c751e8b465ee728b)
Start importing Assets/ArtAssets/Tile Assets/texture files/T-tile/New Material.mat using Guid(34b440a68d02545468e519a72552fde0) Importer(815301076,1909f56bfc062723c751e8b465ee728b)  -> (artifact id: 'cfb530cfc55bde31e6562276877700de') in 0.049577 seconds 
  Import took 0.079998 seconds .

========================================================================
Received Import Request.
  Time since last request: 0.000376 seconds.
  path: Assets/TextMesh Pro/Resources/Fonts & Materials/LiberationSans SDF.asset
  artifactKey: Guid(8f586378b4e144a9851e7b34d9b748ee) Importer(815301076,1909f56bfc062723c751e8b465ee728b)
Start importing Assets/TextMesh Pro/Resources/Fonts & Materials/LiberationSans SDF.asset using Guid(8f586378b4e144a9851e7b34d9b748ee) Importer(815301076,1909f56bfc062723c751e8b465ee728b)  -> (artifact id: '62cd116cab2870b16e2f2e70a8e01667') in 0.105624 seconds 
  Import took 0.148437 seconds .

========================================================================
Received Import Request.
  Time since last request: 0.000351 seconds.
  path: Assets/ArtAssets/Towers/spiter texture/New Material.mat
  artifactKey: Guid(db1dc1d63f164f543b39851bc1ec0c08) Importer(815301076,1909f56bfc062723c751e8b465ee728b)
Start importing Assets/ArtAssets/Towers/spiter texture/New Material.mat using Guid(db1dc1d63f164f543b39851bc1ec0c08) Importer(815301076,1909f56bfc062723c751e8b465ee728b)  -> (artifact id: '4f80258db2a6eaf76fbd2dea767509cc') in 0.362833 seconds 
  Import took 0.389260 seconds .

========================================================================
Received Import Request.
  Time since last request: 0.000477 seconds.
  path: Assets/SampleSceneAssets/Materials/General/MarbleFlooring_Mat.mat
  artifactKey: Guid(b9229bd79b5265144b4b356915c17864) Importer(815301076,1909f56bfc062723c751e8b465ee728b)
Start importing Assets/SampleSceneAssets/Materials/General/MarbleFlooring_Mat.mat using Guid(b9229bd79b5265144b4b356915c17864) Importer(815301076,1909f56bfc062723c751e8b465ee728b)  -> (artifact id: '1469b8696c4d58b3c01fcf8fa75e419d') in 0.246988 seconds 
  Import took 0.256833 seconds .

========================================================================
Received Import Request.
  Time since last request: 6.528213 seconds.
  path: Assets/ArtAssets/Towers/SHIP 1/ghost_shipL.fbx
  artifactKey: Guid(8927c365d098bb84c98d6c841deae958) Importer(815301076,1909f56bfc062723c751e8b465ee728b)
Start importing Assets/ArtAssets/Towers/SHIP 1/ghost_shipL.fbx using Guid(8927c365d098bb84c98d6c841deae958) Importer(815301076,1909f56bfc062723c751e8b465ee728b)  -> (artifact id: 'b63d96f12cb4cc8e369b1f924bdc13c5') in 0.948446 seconds 
  Import took 0.963962 seconds .

========================================================================
Received Import Request.
  Time since last request: 0.000445 seconds.
  path: Assets/ArtAssets/New characters/Textures/gnomes/pirategnome.mat
  artifactKey: Guid(60d2c256dd9c5d9479bd9e2e9e42c465) Importer(815301076,1909f56bfc062723c751e8b465ee728b)
Start importing Assets/ArtAssets/New characters/Textures/gnomes/pirategnome.mat using Guid(60d2c256dd9c5d9479bd9e2e9e42c465) Importer(815301076,1909f56bfc062723c751e8b465ee728b)  -> (artifact id: '871ce1b22dd24d6cff54ec8ba5d51687') in 0.164474 seconds 
  Import took 0.178093 seconds .

========================================================================
Received Import Request.
  Time since last request: 0.987793 seconds.
  path: Assets/SampleSceneAssets/Materials/General/Rubber_Mat.mat
  artifactKey: Guid(1029b38bdee65ba4482ab14d2b7a9f04) Importer(815301076,1909f56bfc062723c751e8b465ee728b)
Start importing Assets/SampleSceneAssets/Materials/General/Rubber_Mat.mat using Guid(1029b38bdee65ba4482ab14d2b7a9f04) Importer(815301076,1909f56bfc062723c751e8b465ee728b)  -> (artifact id: '90fa45467345fe473edf8ea31a021796') in 0.197362 seconds 
  Import took 0.238628 seconds .

========================================================================
Received Import Request.
  Time since last request: 0.000419 seconds.
  path: Assets/ArtAssets/New characters/Textures/vampire_hunter/vampire hunter.mat
  artifactKey: Guid(08d19a6439d5626488ae5ffe8d96b6c3) Importer(815301076,1909f56bfc062723c751e8b465ee728b)
Start importing Assets/ArtAssets/New characters/Textures/vampire_hunter/vampire hunter.mat using Guid(08d19a6439d5626488ae5ffe8d96b6c3) Importer(815301076,1909f56bfc062723c751e8b465ee728b)  -> (artifact id: '8b93583cef98274bfe3af273621f680c') in 0.178483 seconds 
  Import took 0.217005 seconds .

========================================================================
Received Import Request.
  Time since last request: 0.000405 seconds.
  path: Assets/SampleSceneAssets/Materials/General/Rubber_Mat.mat
  artifactKey: Guid(1029b38bdee65ba4482ab14d2b7a9f04) Importer(815301076,1909f56bfc062723c751e8b465ee728b)
Start importing Assets/SampleSceneAssets/Materials/General/Rubber_Mat.mat using Guid(1029b38bdee65ba4482ab14d2b7a9f04) Importer(815301076,1909f56bfc062723c751e8b465ee728b)  -> (artifact id: '90fa45467345fe473edf8ea31a021796') in 0.040398 seconds 
  Import took 0.050435 seconds .

========================================================================
Received Import Request.
  Time since last request: 0.000475 seconds.
  path: Assets/SampleSceneAssets/Materials/General/SandblastMetal_Mat.mat
  artifactKey: Guid(2d17ebb7fe958ff4898d2c0cd1dddce9) Importer(815301076,1909f56bfc062723c751e8b465ee728b)
Start importing Assets/SampleSceneAssets/Materials/General/SandblastMetal_Mat.mat using Guid(2d17ebb7fe958ff4898d2c0cd1dddce9) Importer(815301076,1909f56bfc062723c751e8b465ee728b)  -> (artifact id: 'c32f6eb2e2a9ddf48530399e5972d572') in 0.143788 seconds 
  Import took 0.154476 seconds .

========================================================================
Received Import Request.
  Time since last request: 1754.083391 seconds.
  path: Assets/Prefabs/Towers/PumpkinTank/PumpkinTank.prefab
  artifactKey: Guid(a00e594d9104ef9469688b5de9040901) Importer(815301076,1909f56bfc062723c751e8b465ee728b)
Start importing Assets/Prefabs/Towers/PumpkinTank/PumpkinTank.prefab using Guid(a00e594d9104ef9469688b5de9040901) Importer(815301076,1909f56bfc062723c751e8b465ee728b)  -> (artifact id: '47e279fe29edf56f1ee53682347ac6ef') in 1.588511 seconds 
  Import took 1.648812 seconds .

========================================================================
Received Import Request.
  Time since last request: 168.301959 seconds.
  path: Assets/SampleSceneAssets/Materials/General/Plant_C.mat
  artifactKey: Guid(e7da2788c96349246a9b40abfc02f83f) Importer(815301076,1909f56bfc062723c751e8b465ee728b)
Start importing Assets/SampleSceneAssets/Materials/General/Plant_C.mat using Guid(e7da2788c96349246a9b40abfc02f83f) Importer(815301076,1909f56bfc062723c751e8b465ee728b)  -> (artifact id: '221d5b3a44e623d95c69114219663cac') in 0.271088 seconds 
  Import took 0.283181 seconds .

========================================================================
Received Import Request.
  Time since last request: 0.000414 seconds.
  path: Assets/ArtAssets/Tile Assets/texture files/L-tile/rock.mat
  artifactKey: Guid(2dc355add1c08da4ca5526e84d4c4c48) Importer(815301076,1909f56bfc062723c751e8b465ee728b)
Start importing Assets/ArtAssets/Tile Assets/texture files/L-tile/rock.mat using Guid(2dc355add1c08da4ca5526e84d4c4c48) Importer(815301076,1909f56bfc062723c751e8b465ee728b)  -> (artifact id: '44be9ac5a015c6defd422c882641dc87') in 0.181047 seconds 
  Import took 0.193200 seconds .

========================================================================
Received Import Request.
  Time since last request: 0.000367 seconds.
  path: Assets/ArtAssets/p3 juan assets/textures/light/pumking.mat
  artifactKey: Guid(de31f03267c914740a382e8e4dd37c85) Importer(815301076,1909f56bfc062723c751e8b465ee728b)
Start importing Assets/ArtAssets/p3 juan assets/textures/light/pumking.mat using Guid(de31f03267c914740a382e8e4dd37c85) Importer(815301076,1909f56bfc062723c751e8b465ee728b)  -> (artifact id: '1f6c4c2db40740c267cc7d8e9925984b') in 0.214875 seconds 
  Import took 0.277966 seconds .

========================================================================
Received Import Request.
  Time since last request: 1483.396489 seconds.
  path: Assets/ArtAssets/New Animations/Werewolf_Walk.FBX
  artifactKey: Guid(d181d38334e36974bbc575b36e7e3cc1) Importer(815301076,1909f56bfc062723c751e8b465ee728b)
Start importing Assets/ArtAssets/New Animations/Werewolf_Walk.FBX using Guid(d181d38334e36974bbc575b36e7e3cc1) Importer(815301076,1909f56bfc062723c751e8b465ee728b)  -> (artifact id: 'e30d87b19cc03f361f695427d7b52eab') in 0.318558 seconds 
  Import took 0.331632 seconds .

========================================================================
Received Import Request.
  Time since last request: 0.001226 seconds.
  path: Assets/ArtAssets/New Animations/Werewolf_Attack.FBX
  artifactKey: Guid(44775b24e603ce14db362752377a184a) Importer(815301076,1909f56bfc062723c751e8b465ee728b)
Start importing Assets/ArtAssets/New Animations/Werewolf_Attack.FBX using Guid(44775b24e603ce14db362752377a184a) Importer(815301076,1909f56bfc062723c751e8b465ee728b)  -> (artifact id: '08e345eb3e4476ca86a2f274b6956884') in 0.149437 seconds 
  Import took 0.160828 seconds .

========================================================================
Received Import Request.
  Time since last request: 329.988880 seconds.
  path: Assets/SampleSceneAssets/Meshes/Props/Ball/Model/Base.fbx
  artifactKey: Guid(916a8fb579c63874394827cbec0773ae) Importer(815301076,1909f56bfc062723c751e8b465ee728b)
Start importing Assets/SampleSceneAssets/Meshes/Props/Ball/Model/Base.fbx using Guid(916a8fb579c63874394827cbec0773ae) Importer(815301076,1909f56bfc062723c751e8b465ee728b)  -> (artifact id: 'cbd13898d8903ad8159aada825e275c9') in 1.796776 seconds 
  Import took 1.856032 seconds .

========================================================================
Received Import Request.
  Time since last request: 0.000550 seconds.
  path: Assets/ArtAssets/Towers/SHIP 1/ghost_ship.fbx
  artifactKey: Guid(6775bba4d3da3994f88e3d5144ed5fa2) Importer(815301076,1909f56bfc062723c751e8b465ee728b)
Start importing Assets/ArtAssets/Towers/SHIP 1/ghost_ship.fbx using Guid(6775bba4d3da3994f88e3d5144ed5fa2) Importer(815301076,1909f56bfc062723c751e8b465ee728b)  -> (artifact id: '5ce693d7f71ed00237dfc695de65e76d') in 0.580984 seconds 
  Import took 0.593292 seconds .

========================================================================
Received Import Request.
  Time since last request: 0.000461 seconds.
  path: Assets/SampleSceneAssets/Meshes/Props/Furniture/Models/Pot_01.fbx
  artifactKey: Guid(6ab1bb6455af87b4eb54f8d4c9523975) Importer(815301076,1909f56bfc062723c751e8b465ee728b)
Start importing Assets/SampleSceneAssets/Meshes/Props/Furniture/Models/Pot_01.fbx using Guid(6ab1bb6455af87b4eb54f8d4c9523975) Importer(815301076,1909f56bfc062723c751e8b465ee728b)  -> (artifact id: 'fee559607aeebc323ae1acfa5fa7ca2a') in 0.604946 seconds 
  Import took 0.615360 seconds .

========================================================================
Received Import Request.
  Time since last request: 1985.327237 seconds.
  path: Assets/VFX/muzzle.mat
  artifactKey: Guid(b98e1e4a374d2d748b2b9fc961ca53b8) Importer(815301076,1909f56bfc062723c751e8b465ee728b)
Start importing Assets/VFX/muzzle.mat using Guid(b98e1e4a374d2d748b2b9fc961ca53b8) Importer(815301076,1909f56bfc062723c751e8b465ee728b)  -> (artifact id: '8984d9630ff6017643430b65aac82f8b') in 0.213327 seconds 
  Import took 0.309571 seconds .

========================================================================
Received Import Request.
  Time since last request: 974.876723 seconds.
  path: Assets/VFX/muzzle smoke.png
  artifactKey: Guid(57979c611a3aa6c4fb92f2cd429ccb4c) Importer(815301076,1909f56bfc062723c751e8b465ee728b)
Start importing Assets/VFX/muzzle smoke.png using Guid(57979c611a3aa6c4fb92f2cd429ccb4c) Importer(815301076,1909f56bfc062723c751e8b465ee728b)  -> (artifact id: '84c1de00a8c743c7dde19fb720e3b16f') in 0.041121 seconds 
  Import took 0.121986 seconds .

========================================================================
Received Import Request.
  Time since last request: 14.417291 seconds.
  path: Assets/VFX/muzzle smoke.png
  artifactKey: Guid(57979c611a3aa6c4fb92f2cd429ccb4c) Importer(815301076,1909f56bfc062723c751e8b465ee728b)
Start importing Assets/VFX/muzzle smoke.png using Guid(57979c611a3aa6c4fb92f2cd429ccb4c) Importer(815301076,1909f56bfc062723c751e8b465ee728b)  -> (artifact id: 'd71979701c0ede894979fc658924334a') in 0.136264 seconds 
  Import took 0.179416 seconds .

========================================================================
Received Import Request.
  Time since last request: 8.718996 seconds.
  path: Assets/VFX/muzzle smoke.mat
  artifactKey: Guid(18c10a8e81a5233478aa4cbadf607a2c) Importer(815301076,1909f56bfc062723c751e8b465ee728b)
Start importing Assets/VFX/muzzle smoke.mat using Guid(18c10a8e81a5233478aa4cbadf607a2c) Importer(815301076,1909f56bfc062723c751e8b465ee728b)  -> (artifact id: '96fe2985be95d6a6589736abc9cd58a8') in 0.161543 seconds 
  Import took 0.208498 seconds .

========================================================================
Received Import Request.
  Time since last request: 232.519283 seconds.
  path: Packages/com.unity.searcher/Editor/Resources/FlatSkin/Font/Roboto-Black.ttf
  artifactKey: Guid(1062c701058745940ae5dca6219c64c8) Importer(815301076,1909f56bfc062723c751e8b465ee728b)
Start importing Packages/com.unity.searcher/Editor/Resources/FlatSkin/Font/Roboto-Black.ttf using Guid(1062c701058745940ae5dca6219c64c8) Importer(815301076,1909f56bfc062723c751e8b465ee728b)  -> (artifact id: '977693caad352fe033569d62993e626b') in 0.190745 seconds 
  Import took 0.212527 seconds .

========================================================================
Received Import Request.
  Time since last request: 0.000356 seconds.
  path: Packages/com.unity.searcher/Editor/Resources/FlatSkin/Font/Roboto-BlackItalic.ttf
  artifactKey: Guid(f95147a9bab9fe649b8070170fa7ebd2) Importer(815301076,1909f56bfc062723c751e8b465ee728b)
Start importing Packages/com.unity.searcher/Editor/Resources/FlatSkin/Font/Roboto-BlackItalic.ttf using Guid(f95147a9bab9fe649b8070170fa7ebd2) Importer(815301076,1909f56bfc062723c751e8b465ee728b)  -> (artifact id: '1ae440b4ba9aa57fed336e4491c5d906') in 0.085918 seconds 
  Import took 0.098900 seconds .

========================================================================
Received Import Request.
  Time since last request: 0.000363 seconds.
  path: Packages/com.unity.searcher/Editor/Resources/FlatSkin/Font/Roboto-Bold.ttf
  artifactKey: Guid(3750c318f40cab44a97d3a81beaefeb3) Importer(815301076,1909f56bfc062723c751e8b465ee728b)
Start importing Packages/com.unity.searcher/Editor/Resources/FlatSkin/Font/Roboto-Bold.ttf using Guid(3750c318f40cab44a97d3a81beaefeb3) Importer(815301076,1909f56bfc062723c751e8b465ee728b)  -> (artifact id: '9ecadf0186252f2d35af1d5441ac9b0e') in 0.062294 seconds 
  Import took 0.074867 seconds .

========================================================================
Received Import Request.
  Time since last request: 0.000520 seconds.
  path: Packages/com.unity.searcher/Editor/Resources/FlatSkin/Font/Roboto-Medium.ttf
  artifactKey: Guid(a51a3aebb43ac044989270407476b208) Importer(815301076,1909f56bfc062723c751e8b465ee728b)
Start importing Packages/com.unity.searcher/Editor/Resources/FlatSkin/Font/Roboto-Medium.ttf using Guid(a51a3aebb43ac044989270407476b208) Importer(815301076,1909f56bfc062723c751e8b465ee728b)  -> (artifact id: '635e9fb88dad1d74869286e87ac327b8') in 0.070846 seconds 
  Import took 0.085066 seconds .

========================================================================
Received Import Request.
  Time since last request: 591.845940 seconds.
  path: Assets/VFX/muzzle smoke.mat
  artifactKey: Guid(18c10a8e81a5233478aa4cbadf607a2c) Importer(815301076,1909f56bfc062723c751e8b465ee728b)
Start importing Assets/VFX/muzzle smoke.mat using Guid(18c10a8e81a5233478aa4cbadf607a2c) Importer(815301076,1909f56bfc062723c751e8b465ee728b)  -> (artifact id: '7adf4eb7ec0384dc569565e7e0f374d8') in 0.073654 seconds 
  Import took 0.104808 seconds .

========================================================================
Received Import Request.
  Time since last request: 7.846881 seconds.
  path: Assets/VFX/muzzleflash.prefab
  artifactKey: Guid(5b16e1e8704c56749a372e0ff6366979) Importer(815301076,1909f56bfc062723c751e8b465ee728b)
Start importing Assets/VFX/muzzleflash.prefab using Guid(5b16e1e8704c56749a372e0ff6366979) Importer(815301076,1909f56bfc062723c751e8b465ee728b)  -> (artifact id: '42034f1786a88351d5c419920999fcb3') in 0.063048 seconds 
  Import took 0.078350 seconds .

========================================================================
Received Import Request.
  Time since last request: 193.000403 seconds.
  path: Assets/Scenes/GameplayScene.unity
  artifactKey: Guid(2982bd1edccf1d84f87d097b6341466d) Importer(815301076,1909f56bfc062723c751e8b465ee728b)
Start importing Assets/Scenes/GameplayScene.unity using Guid(2982bd1edccf1d84f87d097b6341466d) Importer(815301076,1909f56bfc062723c751e8b465ee728b)  -> (artifact id: '00ece97caa77fa5d137a1f843c5b7f95') in 0.012072 seconds 
  Import took 0.023750 seconds .

========================================================================
Received Import Request.
  Time since last request: 3.194468 seconds.
  path: Assets/Scenes/Raggy's scene.unity
  artifactKey: Guid(d0503c095c86df84aa41d557b57edccb) Importer(815301076,1909f56bfc062723c751e8b465ee728b)
Start importing Assets/Scenes/Raggy's scene.unity using Guid(d0503c095c86df84aa41d557b57edccb) Importer(815301076,1909f56bfc062723c751e8b465ee728b)  -> (artifact id: 'c917e64ed9a17291d58b02daab89cec8') in 0.011576 seconds 
  Import took 0.034391 seconds .

========================================================================
Received Import Request.
  Time since last request: 69.178258 seconds.
  path: Assets/Scenes/Raggy's scene.unity
  artifactKey: Guid(d0503c095c86df84aa41d557b57edccb) Importer(815301076,1909f56bfc062723c751e8b465ee728b)
Start importing Assets/Scenes/Raggy's scene.unity using Guid(d0503c095c86df84aa41d557b57edccb) Importer(815301076,1909f56bfc062723c751e8b465ee728b)  -> (artifact id: '045ec3ff71fab07cf27b3e9e48a74fe2') in 0.005110 seconds 
  Import took 0.076088 seconds .

AssetImportWorkerClient::OnTransportError - code=2 error=End of file
