Using pre-set license
Built from '2020.3/staging' branch; Version is '2020.3.16f1 (049d6eca3c44) revision 302446'; Using compiler version '192528614'; Build Type 'Release'
OS: 'Windows 10 Home Single Language; OS build 19042.1165; Version 2009; 64bit' Language: 'en' Physical Memory: 8046 MB
BatchMode: 1, IsHumanControllingUs: 0, StartBugReporterOnCrash: 0, Is64bit: 1, IsPro: 0

 COMMAND LINE ARGUMENTS:
D:\Unity\2020.3.16f1\Editor\Unity.exe
-adb2
-batchMode
-noUpm
-name
AssetImportWorker24
-projectPath
D:/Unity/GitHub/PreProdPrototype3
-logFile
Logs/AssetImportWorker24.log
-srvPort
52012
Successfully changed project path to: D:/Unity/GitHub/PreProdPrototype3
D:/Unity/GitHub/PreProdPrototype3
Using Asset Import Pipeline V2.
Refreshing native plugins compatible for Editor in 417.44 ms, found 2 plugins.
Preloading 0 native plugins for Editor in 0.00 ms.
Initialize engine version: 2020.3.16f1 (049d6eca3c44)
[Subsystems] Discovering subsystems at path D:/Unity/2020.3.16f1/Editor/Data/Resources/UnitySubsystems
[Subsystems] Discovering subsystems at path D:/Unity/GitHub/PreProdPrototype3/Assets
GfxDevice: creating device client; threaded=0
Direct3D:
    Version:  Direct3D 11.0 [level 11.1]
    Renderer: NVIDIA GeForce GTX 1050 Ti (ID=0x1c8c)
    Vendor:   
    VRAM:     4021 MB
    Driver:   30.0.14.7196
Initialize mono
Mono path[0] = 'D:/Unity/2020.3.16f1/Editor/Data/Managed'
Mono path[1] = 'D:/Unity/2020.3.16f1/Editor/Data/MonoBleedingEdge/lib/mono/unityjit'
Mono config path = 'D:/Unity/2020.3.16f1/Editor/Data/MonoBleedingEdge/etc'
Using monoOptions --debugger-agent=transport=dt_socket,embedding=1,server=y,suspend=n,address=127.0.0.1:56104
Begin MonoManager ReloadAssembly
Registering precompiled unity dll's ...
Register platform support module: D:/Unity/2020.3.16f1/Editor/Data/PlaybackEngines/WindowsStandaloneSupport/UnityEditor.WindowsStandalone.Extensions.dll
Registered in 0.006878 seconds.
Native extension for WindowsStandalone target not found
Refreshing native plugins compatible for Editor in 505.95 ms, found 2 plugins.
Preloading 0 native plugins for Editor in 0.00 ms.
Mono: successfully reloaded assembly
- Completed reload, in  5.583 seconds
Domain Reload Profiling:
	ReloadAssembly (5585ms)
		BeginReloadAssembly (303ms)
			ExecutionOrderSort (0ms)
			DisableScriptedObjects (0ms)
			BackupInstance (0ms)
			ReleaseScriptingObjects (0ms)
			CreateAndSetChildDomain (4ms)
		EndReloadAssembly (2771ms)
			LoadAssemblies (304ms)
			RebuildTransferFunctionScriptingTraits (1ms)
			SetupTypeCache (912ms)
			ReleaseScriptCaches (0ms)
			RebuildScriptCaches (190ms)
			SetupLoadedEditorAssemblies (1300ms)
				LogAssemblyErrors (0ms)
				InitializePlatformSupportModulesInManaged (17ms)
				SetLoadedEditorAssemblies (1ms)
				RefreshPlugins (506ms)
				BeforeProcessingInitializeOnLoad (82ms)
				ProcessInitializeOnLoadAttributes (524ms)
				ProcessInitializeOnLoadMethodAttributes (167ms)
				AfterProcessingInitializeOnLoad (0ms)
				EditorAssembliesLoaded (2ms)
			ExecutionOrderSort2 (0ms)
			AwakeInstancesAfterBackupRestoration (0ms)
Platform modules already initialized, skipping
Registering precompiled user dll's ...
Registered in 0.031893 seconds.
Begin MonoManager ReloadAssembly
Native extension for WindowsStandalone target not found
Refreshing native plugins compatible for Editor in 476.25 ms, found 2 plugins.
Preloading 0 native plugins for Editor in 0.00 ms.
Mono: successfully reloaded assembly
- Completed reload, in  9.170 seconds
Domain Reload Profiling:
	ReloadAssembly (9176ms)
		BeginReloadAssembly (960ms)
			ExecutionOrderSort (0ms)
			DisableScriptedObjects (35ms)
			BackupInstance (0ms)
			ReleaseScriptingObjects (1ms)
			CreateAndSetChildDomain (125ms)
		EndReloadAssembly (7839ms)
			LoadAssemblies (604ms)
			RebuildTransferFunctionScriptingTraits (0ms)
			SetupTypeCache (2154ms)
			ReleaseScriptCaches (4ms)
			RebuildScriptCaches (532ms)
			SetupLoadedEditorAssemblies (3866ms)
				LogAssemblyErrors (0ms)
				InitializePlatformSupportModulesInManaged (24ms)
				SetLoadedEditorAssemblies (1ms)
				RefreshPlugins (477ms)
				BeforeProcessingInitializeOnLoad (494ms)
				ProcessInitializeOnLoadAttributes (2057ms)
				ProcessInitializeOnLoadMethodAttributes (797ms)
				AfterProcessingInitializeOnLoad (15ms)
				EditorAssembliesLoaded (1ms)
			ExecutionOrderSort2 (0ms)
			AwakeInstancesAfterBackupRestoration (41ms)
Platform modules already initialized, skipping
========================================================================
Worker process is ready to serve import requests
Launched and connected shader compiler UnityShaderCompiler.exe after 0.68 seconds
Refreshing native plugins compatible for Editor in 16.38 ms, found 2 plugins.
Preloading 0 native plugins for Editor in 0.00 ms.
Unloading 3786 Unused Serialized files (Serialized files now loaded: 0)
System memory in use before: 179.4 MB.
System memory in use after: 179.7 MB.

Unloading 20 unused Assets to reduce memory usage. Loaded Objects now: 4236.
Total: 52.906200 ms (FindLiveObjects: 2.036900 ms CreateObjectMapping: 1.129400 ms MarkObjects: 49.461200 ms  DeleteObjects: 0.273400 ms)

AssetImportParameters requested are different than current active one (requested -> active):
  custom:framework-win-MediaFoundation: 216162199b28c13a410421893ffa2e32 -> 
  custom:video-decoder-ogg-theora: a1e56fd34408186e4bbccfd4996cb3dc -> 
  custom:container-muxer-webm: aa71ff27fc2769a1b78a27578f13a17b -> 
  custom:container-demuxer-webm: 4f35f7cbe854078d1ac9338744f61a02 -> 
  custom:container-demuxer-ogg: 62fdf1f143b41e24485cea50d1cbac27 -> 
  custom:video-encoder-webm-vp8: eb34c28f22e8b96e1ab97ce403110664 -> 
  custom:video-codec-MediaFoundation-h265: 746d11721c4dcdbdad8f713fa42b33f4 -> 
  custom:video-decoder-webm-vp8: 9c59270c3fd7afecdb556c50c9e8de78 -> 
  custom:audio-decoder-ogg-vorbis: bf7c407c2cedff20999df2af8eb42d56 -> 
  custom:audio-encoder-webm-vorbis: bf7c407c2cedff20999df2af8eb42d56 -> 
========================================================================
Received Import Request.
  path: Assets/Raggy's assets/Pitchfork.fbx
  artifactKey: Guid(41ace8f9575233043be7334368361000) Importer(815301076,1909f56bfc062723c751e8b465ee728b)
Start importing Assets/Raggy's assets/Pitchfork.fbx using Guid(41ace8f9575233043be7334368361000) Importer(815301076,1909f56bfc062723c751e8b465ee728b) Launched and connected shader compiler UnityShaderCompiler.exe after 0.34 seconds
Launched and connected shader compiler UnityShaderCompiler.exe after 0.34 seconds
Launched and connected shader compiler UnityShaderCompiler.exe after 0.31 seconds
Launched and connected shader compiler UnityShaderCompiler.exe after 0.43 seconds
Launched and connected shader compiler UnityShaderCompiler.exe after 0.75 seconds
Launched and connected shader compiler UnityShaderCompiler.exe after 0.91 seconds
Launched and connected shader compiler UnityShaderCompiler.exe after 0.41 seconds
Launched and connected shader compiler UnityShaderCompiler.exe after 0.43 seconds
Launched and connected shader compiler UnityShaderCompiler.exe after 0.40 seconds
Launched and connected shader compiler UnityShaderCompiler.exe after 0.83 seconds
Launched and connected shader compiler UnityShaderCompiler.exe after 0.73 seconds
 -> (artifact id: 'a900055d25ba0f2be8363cd4feae8d0a') in 27.116179 seconds 
  Import took 27.178628 seconds .

========================================================================
Received Import Request.
  Time since last request: 0.000902 seconds.
  path: Assets/Raggy's assets/wand.fbx
  artifactKey: Guid(ddbf6b887f1259a43b9e13f90dd37625) Importer(815301076,1909f56bfc062723c751e8b465ee728b)
Start importing Assets/Raggy's assets/wand.fbx using Guid(ddbf6b887f1259a43b9e13f90dd37625) Importer(815301076,1909f56bfc062723c751e8b465ee728b)  -> (artifact id: 'a12d7a08abe0b95ec5c6057045f965ec') in 0.315250 seconds 
  Import took 0.350988 seconds .

========================================================================
Received Import Request.
  Time since last request: 0.000866 seconds.
  path: Assets/Scenes/Raggy's scene.unity
  artifactKey: Guid(d0503c095c86df84aa41d557b57edccb) Importer(815301076,1909f56bfc062723c751e8b465ee728b)
Start importing Assets/Scenes/Raggy's scene.unity using Guid(d0503c095c86df84aa41d557b57edccb) Importer(815301076,1909f56bfc062723c751e8b465ee728b)  -> (artifact id: '5c8c1f3eba3c9c856748b7e4be11825d') in 0.029052 seconds 
  Import took 0.060665 seconds .

========================================================================
Received Import Request.
  Time since last request: 0.000705 seconds.
  path: Assets/Raggy's assets/Horseman.fbx
  artifactKey: Guid(936e7cd1e1784dd4d92c440dcda09e8f) Importer(815301076,1909f56bfc062723c751e8b465ee728b)
Start importing Assets/Raggy's assets/Horseman.fbx using Guid(936e7cd1e1784dd4d92c440dcda09e8f) Importer(815301076,1909f56bfc062723c751e8b465ee728b)  -> (artifact id: '25842c6cff03bc757949bc34f29c1ffb') in 0.282495 seconds 
  Import took 0.309400 seconds .

========================================================================
Received Import Request.
  Time since last request: 0.000772 seconds.
  path: Assets/Prefabs
  artifactKey: Guid(265d9af9da1541642902a83b9a51ea0a) Importer(815301076,1909f56bfc062723c751e8b465ee728b)
Start importing Assets/Prefabs using Guid(265d9af9da1541642902a83b9a51ea0a) Importer(815301076,1909f56bfc062723c751e8b465ee728b)  -> (artifact id: 'c23b62a2c77ee224f220a7f1436084a0') in 0.022518 seconds 
  Import took 0.054805 seconds .

========================================================================
Received Import Request.
  Time since last request: 0.001113 seconds.
  path: Assets/Raggy's assets
  artifactKey: Guid(6344f72c5088b2d44a552431e025ec24) Importer(815301076,1909f56bfc062723c751e8b465ee728b)
Start importing Assets/Raggy's assets using Guid(6344f72c5088b2d44a552431e025ec24) Importer(815301076,1909f56bfc062723c751e8b465ee728b)  -> (artifact id: '59ae80c5a98d660ebf4196fdba13a30b') in 0.026242 seconds 
  Import took 0.057472 seconds .

========================================================================
Received Import Request.
  Time since last request: 0.000720 seconds.
  path: Assets/Raggy's assets/Vampire.fbx
  artifactKey: Guid(569b0ce64d39ebb42b6af7610c620adc) Importer(815301076,1909f56bfc062723c751e8b465ee728b)
Start importing Assets/Raggy's assets/Vampire.fbx using Guid(569b0ce64d39ebb42b6af7610c620adc) Importer(815301076,1909f56bfc062723c751e8b465ee728b)  -> (artifact id: 'c64078f0a86d0b767641493d915e781f') in 0.296874 seconds 
  Import took 0.332304 seconds .

========================================================================
Received Import Request.
  Time since last request: 0.000861 seconds.
  path: Assets/Raggy's assets/Skull.fbx
  artifactKey: Guid(7ddabc2a6f4878f4f8b3e33295aa6c70) Importer(815301076,1909f56bfc062723c751e8b465ee728b)
Start importing Assets/Raggy's assets/Skull.fbx using Guid(7ddabc2a6f4878f4f8b3e33295aa6c70) Importer(815301076,1909f56bfc062723c751e8b465ee728b)  -> (artifact id: '369e80216be5b990f9c8c723544101e1') in 0.286274 seconds 
  Import took 0.325406 seconds .

========================================================================
Received Import Request.
  Time since last request: 0.000893 seconds.
  path: Assets/Raggy's assets/knife.fbx
  artifactKey: Guid(599df07a2cf7f7b47af52063f60a4c6c) Importer(815301076,1909f56bfc062723c751e8b465ee728b)
Start importing Assets/Raggy's assets/knife.fbx using Guid(599df07a2cf7f7b47af52063f60a4c6c) Importer(815301076,1909f56bfc062723c751e8b465ee728b)  -> (artifact id: '8e04c840a68d6433548643aa34667585') in 0.305414 seconds 
  Import took 0.342087 seconds .

AssetImportWorkerClient::OnTransportError - code=2 error=End of file
